0 info it worked if it ends with ok
1 verbose cli [ 'C:\\Program Files\\nodejs\\node.exe',
1 verbose cli   'C:\\Program Files\\nodejs\\node_modules\\npm\\bin\\npm-cli.js',
1 verbose cli   'start' ]
2 info using npm@3.10.10
3 info using node@v6.10.2
4 verbose run-script [ 'prestart', 'start', 'poststart' ]
5 info lifecycle bitcoinlend@0.1.0~prestart: bitcoinlend@0.1.0
6 silly lifecycle bitcoinlend@0.1.0~prestart: no script for prestart, continuing
7 info lifecycle bitcoinlend@0.1.0~start: bitcoinlend@0.1.0
8 verbose lifecycle bitcoinlend@0.1.0~start: unsafe-perm in lifecycle true
9 verbose lifecycle bitcoinlend@0.1.0~start: PATH: C:\Program Files\nodejs\node_modules\npm\bin\node-gyp-bin;F:\IresLab\Ammbr\Coin Claim\SourceCode_github\ammbr-coinclaim\master\node\node_modules\.bin;C:\Users\Nitin\bin;C:\Users\Nitin\AppData\Local\Programs\Git\mingw64\bin;C:\Users\Nitin\AppData\Local\Programs\Git\usr\local\bin;C:\Users\Nitin\AppData\Local\Programs\Git\usr\bin;C:\Users\Nitin\AppData\Local\Programs\Git\usr\bin;C:\Users\Nitin\AppData\Local\Programs\Git\mingw64\bin;C:\Users\Nitin\AppData\Local\Programs\Git\usr\bin;C:\Users\Nitin\bin;C:\Program Files\Java\jdk1.8.0_77\jre\bin\server;C:\Program Files\Java\jdk1.8.0_77\jre\bin;C:\Program Files\Java\jdk1.8.0_77\jre\lib\amd64;C:\ProgramData\Oracle\Java\javapath;C:\Program Files\Dell\DW WLAN Card;C:\Program Files (x86)\Intel\iCLS Client;C:\Program Files\Intel\iCLS Client;C:\WINDOWS\system32;C:\WINDOWS;C:\WINDOWS\System32\Wbem;C:\WINDOWS\System32\WindowsPowerShell\v1.0;C:\Program Files\Intel\Intel(R) Management Engine Components\DAL;C:\Program Files\Intel\Intel(R) Management Engine Components\IPT;C:\Program Files (x86)\Intel\Intel(R) Management Engine Components\DAL;C:\Program Files (x86)\Intel\Intel(R) Management Engine Components\IPT;C:\Program Files\WIDCOMM\Bluetooth Software;C:\Program Files\WIDCOMM\Bluetooth Software\syswow64;C:\Program Files (x86)\Windows Live\Shared;C:\Program Files\TortoiseGit\bin;F:\Softwares\gradle-4.1-bin\gradle-4.1\bin;F:\Softwares\apache-maven-3.3.9\bin;F:\Softwares\apache-ant-1.9.7\bin;C:\Program Files\Java\jdk1.8.0_77\bin;F:\IresLab\MatchMove\ISO Converter\apache-tomcat-8.5.11\bin;C:\Program Files\Java\jdk1.8.0_77\bin;C:\Users\Nitin\AppData\Local\Programs\Git\cmd;C:\Program Files (x86)\Skype\Phone;C:\Program Files\nodejs;F:\Softwares\MSSQLServer2016\Client SDK\ODBC\130\Tools\Binn;F:\Softwares\MSSQLServer2016(x86)\130\Tools\Binn;F:\Softwares\MSSQLServer2016\130\Tools\Binn;F:\Softwares\MSSQLServer2016\130\DTS\Binn;C:\Program Files (x86)\Microsoft SQL Server\Client SDK\ODBC\130\Tools\Binn;C:\Program Files (x86)\Microsoft SQL Server\130\Tools\Binn;C:\Program Files (x86)\Microsoft SQL Server\130\DTS\Binn;C:\Program Files (x86)\Microsoft SQL Server\130\Tools\Binn\ManagementStudio;C:\Program Files\Averex Health\EmiratesCardDataReader;C:\Program Files (x86)\Windows Kits\8.1\Windows Performance Toolkit;C:\ProgramData\Oracle\Java\javapath;C:\Program Files\Dell\DW WLAN Card;C:\Program Files (x86)\Intel\iCLS Client;C:\Program Files\Intel\iCLS Client;C:\WINDOWS\system32;C:\WINDOWS;C:\WINDOWS\System32\Wbem;C:\WINDOWS\System32\WindowsPowerShell\v1.0;C:\Program Files\Intel\Intel(R) Management Engine Components\DAL;C:\Program Files\Intel\Intel(R) Management Engine Components\IPT;C:\Program Files (x86)\Intel\Intel(R) Management Engine Components\DAL;C:\Program Files (x86)\Intel\Intel(R) Management Engine Components\IPT;C:\Program Files\WIDCOMM\Bluetooth Software;C:\Program Files\WIDCOMM\Bluetooth Software\syswow64;C:\Program Files (x86)\Windows Live\Shared;C:\Program Files (x86)\Skype\Phone;C:\Program Files\OpenVPN\bin;C:\Users\Nitin\AppData\Local\Microsoft\WindowsApps;C:\Users\Nitin\AppData\Roaming\npm;F:\Softwares\STS-3.9.1-Eclipse\sts-bundle\sts-3.9.1.RELEASE;C:\Users\Nitin\AppData\Local\Programs\Git\usr\bin\vendor_perl;C:\Users\Nitin\AppData\Local\Programs\Git\usr\bin\core_perl
10 verbose lifecycle bitcoinlend@0.1.0~start: CWD: F:\IresLab\Ammbr\Coin Claim\SourceCode_github\ammbr-coinclaim\master\node
11 silly lifecycle bitcoinlend@0.1.0~start: Args: [ '/d /s /c', 'node app.js' ]
12 silly lifecycle bitcoinlend@0.1.0~start: Returned: code: 1  signal: null
13 info lifecycle bitcoinlend@0.1.0~start: Failed to exec start script
14 verbose stack Error: bitcoinlend@0.1.0 start: `node app.js`
14 verbose stack Exit status 1
14 verbose stack     at EventEmitter.<anonymous> (C:\Program Files\nodejs\node_modules\npm\lib\utils\lifecycle.js:255:16)
14 verbose stack     at emitTwo (events.js:106:13)
14 verbose stack     at EventEmitter.emit (events.js:191:7)
14 verbose stack     at ChildProcess.<anonymous> (C:\Program Files\nodejs\node_modules\npm\lib\utils\spawn.js:40:14)
14 verbose stack     at emitTwo (events.js:106:13)
14 verbose stack     at ChildProcess.emit (events.js:191:7)
14 verbose stack     at maybeClose (internal/child_process.js:886:16)
14 verbose stack     at Process.ChildProcess._handle.onexit (internal/child_process.js:226:5)
15 verbose pkgid bitcoinlend@0.1.0
16 verbose cwd F:\IresLab\Ammbr\Coin Claim\SourceCode_github\ammbr-coinclaim\master\node
17 error Windows_NT 10.0.16299
18 error argv "C:\\Program Files\\nodejs\\node.exe" "C:\\Program Files\\nodejs\\node_modules\\npm\\bin\\npm-cli.js" "start"
19 error node v6.10.2
20 error npm  v3.10.10
21 error code ELIFECYCLE
22 error bitcoinlend@0.1.0 start: `node app.js`
22 error Exit status 1
23 error Failed at the bitcoinlend@0.1.0 start script 'node app.js'.
23 error Make sure you have the latest version of node.js and npm installed.
23 error If you do, this is most likely a problem with the bitcoinlend package,
23 error not with npm itself.
23 error Tell the author that this fails on your system:
23 error     node app.js
23 error You can get information on how to open an issue for this project with:
23 error     npm bugs bitcoinlend
23 error Or if that isn't available, you can get their info via:
23 error     npm owner ls bitcoinlend
23 error There is likely additional logging output above.
24 verbose exit [ 1, true ]
